<?xml version="1.0" encoding="UTF-8"?>
<testng-results ignored="0" total="1" passed="1" failed="0" skipped="0">
  <reporter-output>
  </reporter-output>
  <suite started-at="2023-09-04T14:08:35 IST" name="Default suite" finished-at="2023-09-04T14:08:35 IST" duration-ms="47">
    <groups>
    </groups>
    <test started-at="2023-09-04T14:08:35 IST" name="Default test" finished-at="2023-09-04T14:08:35 IST" duration-ms="47">
      <class name="TestNGproject.Annotation">
        <test-method is-config="true" signature="login()[pri:0, instance:TestNGproject.Annotation@2fb3536e]" started-at="2023-09-04T14:08:35 IST" name="login" finished-at="2023-09-04T14:08:35 IST" duration-ms="4" status="PASS">
          <reporter-output>
          </reporter-output>
        </test-method> <!-- login -->
        <test-method signature="createcustomer()[pri:0, instance:TestNGproject.Annotation@2fb3536e]" started-at="2023-09-04T14:08:35 IST" name="createcustomer" finished-at="2023-09-04T14:08:35 IST" duration-ms="6" status="PASS">
          <reporter-output>
          </reporter-output>
        </test-method> <!-- createcustomer -->
        <test-method is-config="true" signature="logout()[pri:0, instance:TestNGproject.Annotation@2fb3536e]" started-at="2023-09-04T14:08:35 IST" name="logout" finished-at="2023-09-04T14:08:35 IST" duration-ms="1" status="PASS">
          <reporter-output>
          </reporter-output>
        </test-method> <!-- logout -->
      </class> <!-- TestNGproject.Annotation -->
    </test> <!-- Default test -->
  </suite> <!-- Default suite -->
</testng-results>
